[2019-02-15 15:34:40 *6459.7]	WARNING	swSignalfd_onSignal (ERROR 707): Unable to find callback function for signal Hangup: 1.
[2019-02-15 15:34:40 ^6449.13]	WARNING	swSignal_callback (ERROR 707): Unable to find callback function for signal Hangup: 1.
[2019-02-15 15:34:40 ^6450.14]	WARNING	swSignal_callback (ERROR 707): Unable to find callback function for signal Hangup: 1.
[2019-02-15 15:34:40 *6454.2]	WARNING	swSignalfd_onSignal (ERROR 707): Unable to find callback function for signal Hangup: 1.
[2019-02-15 15:34:40 *6457.5]	WARNING	swSignalfd_onSignal (ERROR 707): Unable to find callback function for signal Hangup: 1.
[2019-02-15 15:34:40 *6453.1]	WARNING	swSignalfd_onSignal (ERROR 707): Unable to find callback function for signal Hangup: 1.
[2019-02-15 15:34:40 ^6451.15]	WARNING	swSignal_callback (ERROR 707): Unable to find callback function for signal Hangup: 1.
[2019-02-15 15:34:40 ^6449.13]	WARNING	swSignal_callback (ERROR 707): Unable to find callback function for signal Hangup: 1.
[2019-02-15 15:34:40 ^6446.10]	WARNING	swSignal_callback (ERROR 707): Unable to find callback function for signal Hangup: 1.
[2019-02-15 15:34:40 $6435.0]	WARNING	swSignal_callback (ERROR 707): Unable to find callback function for signal Hangup: 1.
[2019-02-15 15:34:40 ^6448.12]	WARNING	swSignal_callback (ERROR 707): Unable to find callback function for signal Hangup: 1.
[2019-02-15 15:34:40 ^6448.12]	WARNING	swSignal_callback (ERROR 707): Unable to find callback function for signal Hangup: 1.
[2019-02-15 15:34:40 #6434.8]	WARNING	swSignalfd_onSignal (ERROR 707): Unable to find callback function for signal Hangup: 1.
[2019-02-15 15:34:40 *6455.3]	WARNING	swSignalfd_onSignal (ERROR 707): Unable to find callback function for signal Hangup: 1.
[2019-02-15 15:34:40 ^6447.11]	WARNING	swSignal_callback (ERROR 707): Unable to find callback function for signal Hangup: 1.
[2019-02-15 15:34:40 ^6445.9]	WARNING	swSignal_callback (ERROR 707): Unable to find callback function for signal Hangup: 1.
[2019-02-15 15:34:40 *6458.6]	WARNING	swSignalfd_onSignal (ERROR 707): Unable to find callback function for signal Hangup: 1.
[2019-02-15 15:34:40 *6456.4]	WARNING	swSignalfd_onSignal (ERROR 707): Unable to find callback function for signal Hangup: 1.
[2019-02-15 15:34:40 *6459.7]	WARNING	swSignalfd_onSignal (ERROR 707): Unable to find callback function for signal Hangup: 1.
[2019-02-15 15:34:40 *6456.4]	WARNING	swSignalfd_onSignal (ERROR 707): Unable to find callback function for signal Hangup: 1.
[2019-02-15 15:34:40 *6457.5]	WARNING	swSignalfd_onSignal (ERROR 707): Unable to find callback function for signal Hangup: 1.
[2019-02-15 15:34:40 *6454.2]	WARNING	swSignalfd_onSignal (ERROR 707): Unable to find callback function for signal Hangup: 1.
[2019-02-15 15:34:40 ^6451.15]	WARNING	swSignal_callback (ERROR 707): Unable to find callback function for signal Hangup: 1.
[2019-02-15 15:34:40 ^6450.14]	WARNING	swSignal_callback (ERROR 707): Unable to find callback function for signal Hangup: 1.
[2019-02-15 15:34:40 *6452.0]	WARNING	swSignalfd_onSignal (ERROR 707): Unable to find callback function for signal Hangup: 1.
[2019-02-15 15:34:40 ^6446.10]	WARNING	swSignal_callback (ERROR 707): Unable to find callback function for signal Hangup: 1.
[2019-02-15 15:34:40 *6452.0]	WARNING	swSignalfd_onSignal (ERROR 707): Unable to find callback function for signal Hangup: 1.
[2019-02-15 15:34:40 $6435.0]	WARNING	swSignal_callback (ERROR 707): Unable to find callback function for signal Hangup: 1.
[2019-02-15 15:34:40 ^6444.8]	WARNING	swSignal_callback (ERROR 707): Unable to find callback function for signal Hangup: 1.
[2019-02-15 15:34:40 #6434.8]	WARNING	swSignalfd_onSignal (ERROR 707): Unable to find callback function for signal Hangup: 1.
[2019-02-15 15:34:40 *6455.3]	WARNING	swSignalfd_onSignal (ERROR 707): Unable to find callback function for signal Hangup: 1.
[2019-02-15 15:34:40 ^6447.11]	WARNING	swSignal_callback (ERROR 707): Unable to find callback function for signal Hangup: 1.
[2019-02-15 15:34:40 ^6445.9]	WARNING	swSignal_callback (ERROR 707): Unable to find callback function for signal Hangup: 1.
[2019-02-15 15:34:40 *6458.6]	WARNING	swSignalfd_onSignal (ERROR 707): Unable to find callback function for signal Hangup: 1.
[2019-02-15 15:34:40 *6453.1]	WARNING	swSignalfd_onSignal (ERROR 707): Unable to find callback function for signal Hangup: 1.
[2019-02-15 15:34:40 ^6444.8]	WARNING	swSignal_callback (ERROR 707): Unable to find callback function for signal Hangup: 1.
[2019-02-15 15:34:50 #6434.8]	NOTICE	Server is shutdown now.
[2019-02-15 15:34:50 ^6446.10]	WARNING	swSignal_callback (ERROR 707): Unable to find callback function for signal Hangup: 1.
[2019-02-15 15:34:50 *6453.1]	WARNING	swSignalfd_onSignal (ERROR 707): Unable to find callback function for signal Hangup: 1.
[2019-02-15 15:34:50 *6455.3]	WARNING	swSignalfd_onSignal (ERROR 707): Unable to find callback function for signal Hangup: 1.
[2019-02-15 15:34:50 *6454.2]	WARNING	swSignalfd_onSignal (ERROR 707): Unable to find callback function for signal Hangup: 1.
[2019-02-15 15:34:50 *6457.5]	WARNING	swSignalfd_onSignal (ERROR 707): Unable to find callback function for signal Hangup: 1.
[2019-02-15 15:34:50 ^6444.8]	WARNING	swSignal_callback (ERROR 707): Unable to find callback function for signal Hangup: 1.
[2019-02-15 15:34:50 ^6447.11]	WARNING	swSignal_callback (ERROR 707): Unable to find callback function for signal Hangup: 1.
[2019-02-15 15:34:50 ^6445.9]	WARNING	swSignal_callback (ERROR 707): Unable to find callback function for signal Hangup: 1.
[2019-02-15 15:34:50 ^6451.15]	WARNING	swSignal_callback (ERROR 707): Unable to find callback function for signal Hangup: 1.
[2019-02-15 15:34:50 *6452.0]	WARNING	swSignalfd_onSignal (ERROR 707): Unable to find callback function for signal Hangup: 1.
[2019-02-15 15:34:50 ^6450.14]	WARNING	swSignal_callback (ERROR 707): Unable to find callback function for signal Hangup: 1.
[2019-02-15 15:34:50 ^6448.12]	WARNING	swSignal_callback (ERROR 707): Unable to find callback function for signal Hangup: 1.
[2019-02-15 15:34:50 *6456.4]	WARNING	swSignalfd_onSignal (ERROR 707): Unable to find callback function for signal Hangup: 1.
[2019-02-15 15:34:50 *6458.6]	WARNING	swSignalfd_onSignal (ERROR 707): Unable to find callback function for signal Hangup: 1.
[2019-02-15 15:34:50 ^6449.13]	WARNING	swSignal_callback (ERROR 707): Unable to find callback function for signal Hangup: 1.
[2019-02-15 15:34:50 $6435.0]	WARNING	swSignal_callback (ERROR 707): Unable to find callback function for signal Hangup: 1.
[2019-02-15 15:34:50 $6435.0]	ERROR	swProcessPool_shutdown(:371): kill(6444) failed. Error: No such process[3].
[2019-02-15 15:34:50 $6435.0]	ERROR	swProcessPool_shutdown(:380): waitpid(6444) failed. Error: No child processes[10].
